<?xml version="1.0" encoding="UTF-8"?>
<!-- Generated by org.testng.reporters.JUnitReportReporter -->
<testsuite hostname="LIN51012212" failures="0" tests="1" name="Runner.TestRunner" time="14.615" errors="0" timestamp="6 May 2021 16:30:20 GMT">
  <testcase classname="Runner.TestRunner" name="feature" time="14.615"/>
</testsuite> <!-- Runner.TestRunner -->
